<?xml version="1.0" encoding="UTF-8"?>
<testsuite xmlns:xsi="http://www.w3.org/2001/XMLSchema-instance" xsi:noNamespaceSchemaLocation="https://maven.apache.org/surefire/maven-surefire-plugin/xsd/surefire-test-report.xsd" name="com.football.community.service.UserServiceTest" time="0.548" tests="8" errors="0" skipped="0" failures="0">
  <properties>
[...]
</properties>
  <testcase name="testFindByUsernameNotFound" classname="com.football.community.service.UserServiceTest" time="0.005"/>
  <testcase name="testLogin" classname="com.football.community.service.UserServiceTest" time="0.109"/>
  <testcase name="testUpdateUserStatus" classname="com.football.community.service.UserServiceTest" time="0.055"/>
  <testcase name="testRegisterDuplicateUsername" classname="com.football.community.service.UserServiceTest" time="0.058"/>
  <testcase name="testRegister" classname="com.football.community.service.UserServiceTest" time="0.099"/>
  <testcase name="testFindByUsername" classname="com.football.community.service.UserServiceTest" time="0.057"/>
  <testcase name="testLoginWrongPassword" classname="com.football.community.service.UserServiceTest" time="0.104"/>
  <testcase name="testGetUserList" classname="com.football.community.service.UserServiceTest" time="0.059"/>
</testsuite>